Li
28
Total Free Energies:
-173.394544374072
-173.387394686098
-173.394252231848
-173.383113976545
-173.388910646170
-173.386964840593
-173.391302691771
-173.389461997371
-173.394159383446
-173.383518209058
-173.396406512536
-173.395234401005
-173.390360941964
-173.387102951225
-173.391108152286
-173.386243324131
-173.394601075861
-173.389995137030
-173.390828994999
-173.396079485944
-173.388018252843
-173.388325513480
-173.381698086313
-173.393312573700
-173.395879821321
-173.388963707677
-173.394439241259
-173.394717842669
-173.383425340805
Lowest total free energy found: -173.396406512536 at index 10
