# This file is an example of a M_ensemble_GFN2.log file as created by running submit_job.sh

Running python3 getxyz.py
Saved conformer 0 to GFN2_0/crest_conformer_0.xyz
Saved conformer 1 to GFN2_1/crest_conformer_1.xyz
Saved conformer 2 to GFN2_2/crest_conformer_2.xyz
Saved conformer 3 to GFN2_3/crest_conformer_3.xyz
Saved conformer 4 to GFN2_4/crest_conformer_4.xyz
Saved conformer 5 to GFN2_5/crest_conformer_5.xyz
Saved conformer 6 to GFN2_6/crest_conformer_6.xyz
Saved conformer 7 to GFN2_7/crest_conformer_7.xyz
Saved conformer 8 to GFN2_8/crest_conformer_8.xyz
Saved conformer 9 to GFN2_9/crest_conformer_9.xyz
Saved conformer 10 to GFN2_10/crest_conformer_10.xyz
Saved conformer 11 to GFN2_11/crest_conformer_11.xyz
Saved conformer 12 to GFN2_12/crest_conformer_12.xyz
Saved conformer 13 to GFN2_13/crest_conformer_13.xyz
Saved conformer 14 to GFN2_14/crest_conformer_14.xyz
Saved conformer 15 to GFN2_15/crest_conformer_15.xyz
Saved conformer 16 to GFN2_16/crest_conformer_16.xyz
Saved conformer 17 to GFN2_17/crest_conformer_17.xyz
Saved conformer 18 to GFN2_18/crest_conformer_18.xyz
Saved conformer 19 to GFN2_19/crest_conformer_19.xyz
Saved conformer 20 to GFN2_20/crest_conformer_20.xyz
Saved conformer 21 to GFN2_21/crest_conformer_21.xyz
Saved conformer 22 to GFN2_22/crest_conformer_22.xyz
Saved conformer 23 to GFN2_23/crest_conformer_23.xyz
Saved conformer 24 to GFN2_24/crest_conformer_24.xyz
Saved conformer 25 to GFN2_25/crest_conformer_25.xyz
Saved conformer 26 to GFN2_26/crest_conformer_26.xyz
Saved conformer 27 to GFN2_27/crest_conformer_27.xyz
Saved conformer 28 to GFN2_28/crest_conformer_28.xyz
Saved conformer 29 to GFN2_29/crest_conformer_29.xyz
Saved conformer 30 to GFN2_30/crest_conformer_30.xyz
Saved conformer 31 to GFN2_31/crest_conformer_31.xyz
Saved conformer 32 to GFN2_32/crest_conformer_32.xyz
Saved conformer 33 to GFN2_33/crest_conformer_33.xyz
Saved conformer 34 to GFN2_34/crest_conformer_34.xyz
Saved conformer 35 to GFN2_35/crest_conformer_35.xyz
Saved conformer 36 to GFN2_36/crest_conformer_36.xyz
Saved conformer 37 to GFN2_37/crest_conformer_37.xyz
Saved conformer 38 to GFN2_38/crest_conformer_38.xyz
Saved conformer 39 to GFN2_39/crest_conformer_39.xyz
Saved conformer 40 to GFN2_40/crest_conformer_40.xyz
Saved conformer 41 to GFN2_41/crest_conformer_41.xyz
Saved conformer 42 to GFN2_42/crest_conformer_42.xyz
Saved conformer 43 to GFN2_43/crest_conformer_43.xyz
Saved conformer 44 to GFN2_44/crest_conformer_44.xyz
Saved conformer 45 to GFN2_45/crest_conformer_45.xyz
Saved conformer 46 to GFN2_46/crest_conformer_46.xyz
Saved conformer 47 to GFN2_47/crest_conformer_47.xyz
Saved conformer 48 to GFN2_48/crest_conformer_48.xyz
Saved conformer 49 to GFN2_49/crest_conformer_49.xyz
Saved conformer 50 to GFN2_50/crest_conformer_50.xyz
Saved conformer 51 to GFN2_51/crest_conformer_51.xyz
Saved conformer 52 to GFN2_52/crest_conformer_52.xyz
Saved conformer 53 to GFN2_53/crest_conformer_53.xyz
Saved conformer 54 to GFN2_54/crest_conformer_54.xyz
Saved conformer 55 to GFN2_55/crest_conformer_55.xyz
Saved conformer 56 to GFN2_56/crest_conformer_56.xyz
Saved conformer 57 to GFN2_57/crest_conformer_57.xyz
Saved conformer 58 to GFN2_58/crest_conformer_58.xyz
Saved conformer 59 to GFN2_59/crest_conformer_59.xyz
Saved conformer 60 to GFN2_60/crest_conformer_60.xyz
Saved conformer 61 to GFN2_61/crest_conformer_61.xyz
Saved conformer 62 to GFN2_62/crest_conformer_62.xyz
Saved conformer 63 to GFN2_63/crest_conformer_63.xyz
Saved conformer 64 to GFN2_64/crest_conformer_64.xyz
Saved conformer 65 to GFN2_65/crest_conformer_65.xyz
Saved conformer 66 to GFN2_66/crest_conformer_66.xyz
Saved conformer 67 to GFN2_67/crest_conformer_67.xyz
Saved conformer 68 to GFN2_68/crest_conformer_68.xyz
Saved conformer 69 to GFN2_69/crest_conformer_69.xyz
Saved conformer 70 to GFN2_70/crest_conformer_70.xyz
Saved conformer 71 to GFN2_71/crest_conformer_71.xyz
Saved conformer 72 to GFN2_72/crest_conformer_72.xyz
Saved conformer 73 to GFN2_73/crest_conformer_73.xyz
Saved conformer 74 to GFN2_74/crest_conformer_74.xyz
Saved conformer 75 to GFN2_75/crest_conformer_75.xyz
Saved conformer 76 to GFN2_76/crest_conformer_76.xyz
Saved conformer 77 to GFN2_77/crest_conformer_77.xyz
Saved conformer 78 to GFN2_78/crest_conformer_78.xyz
Saved conformer 79 to GFN2_79/crest_conformer_79.xyz
Saved conformer 80 to GFN2_80/crest_conformer_80.xyz
Saved conformer 81 to GFN2_81/crest_conformer_81.xyz
Saved conformer 82 to GFN2_82/crest_conformer_82.xyz
Saved conformer 83 to GFN2_83/crest_conformer_83.xyz
Saved conformer 84 to GFN2_84/crest_conformer_84.xyz
Saved conformer 85 to GFN2_85/crest_conformer_85.xyz
Saved conformer 86 to GFN2_86/crest_conformer_86.xyz
Saved conformer 87 to GFN2_87/crest_conformer_87.xyz
Saved conformer 88 to GFN2_88/crest_conformer_88.xyz
Saved conformer 89 to GFN2_89/crest_conformer_89.xyz
Saved conformer 90 to GFN2_90/crest_conformer_90.xyz
Saved conformer 91 to GFN2_91/crest_conformer_91.xyz
Saved conformer 92 to GFN2_92/crest_conformer_92.xyz
Saved conformer 93 to GFN2_93/crest_conformer_93.xyz
Saved conformer 94 to GFN2_94/crest_conformer_94.xyz
Saved conformer 95 to GFN2_95/crest_conformer_95.xyz
Saved conformer 96 to GFN2_96/crest_conformer_96.xyz
Saved conformer 97 to GFN2_97/crest_conformer_97.xyz
Saved conformer 98 to GFN2_98/crest_conformer_98.xyz
Saved conformer 99 to GFN2_99/crest_conformer_99.xyz
Saved conformer 100 to GFN2_100/crest_conformer_100.xyz
Saved conformer 101 to GFN2_101/crest_conformer_101.xyz
Saved conformer 102 to GFN2_102/crest_conformer_102.xyz
Saved conformer 103 to GFN2_103/crest_conformer_103.xyz
Saved conformer 104 to GFN2_104/crest_conformer_104.xyz
Saved conformer 105 to GFN2_105/crest_conformer_105.xyz
Saved conformer 106 to GFN2_106/crest_conformer_106.xyz
Saved conformer 107 to GFN2_107/crest_conformer_107.xyz
Saved conformer 108 to GFN2_108/crest_conformer_108.xyz
Saved conformer 109 to GFN2_109/crest_conformer_109.xyz
Saved conformer 110 to GFN2_110/crest_conformer_110.xyz
Saved conformer 111 to GFN2_111/crest_conformer_111.xyz
Saved conformer 112 to GFN2_112/crest_conformer_112.xyz
Saved conformer 113 to GFN2_113/crest_conformer_113.xyz
Saved conformer 114 to GFN2_114/crest_conformer_114.xyz
Saved conformer 115 to GFN2_115/crest_conformer_115.xyz
Saved conformer 116 to GFN2_116/crest_conformer_116.xyz
Saved conformer 117 to GFN2_117/crest_conformer_117.xyz
Saved conformer 118 to GFN2_118/crest_conformer_118.xyz
Saved conformer 119 to GFN2_119/crest_conformer_119.xyz
Saved conformer 120 to GFN2_120/crest_conformer_120.xyz
Saved conformer 121 to GFN2_121/crest_conformer_121.xyz
Saved conformer 122 to GFN2_122/crest_conformer_122.xyz
Saved conformer 123 to GFN2_123/crest_conformer_123.xyz
Saved conformer 124 to GFN2_124/crest_conformer_124.xyz
Saved conformer 125 to GFN2_125/crest_conformer_125.xyz
Saved conformer 126 to GFN2_126/crest_conformer_126.xyz
Saved conformer 127 to GFN2_127/crest_conformer_127.xyz
Saved conformer 128 to GFN2_128/crest_conformer_128.xyz
Saved conformer 129 to GFN2_129/crest_conformer_129.xyz
Saved conformer 130 to GFN2_130/crest_conformer_130.xyz
Saved conformer 131 to GFN2_131/crest_conformer_131.xyz
Saved conformer 132 to GFN2_132/crest_conformer_132.xyz
Saved conformer 133 to GFN2_133/crest_conformer_133.xyz
Saved conformer 134 to GFN2_134/crest_conformer_134.xyz
Saved conformer 135 to GFN2_135/crest_conformer_135.xyz
Saved conformer 136 to GFN2_136/crest_conformer_136.xyz
Saved conformer 137 to GFN2_137/crest_conformer_137.xyz
Saved conformer 138 to GFN2_138/crest_conformer_138.xyz
Saved conformer 139 to GFN2_139/crest_conformer_139.xyz
Saved conformer 140 to GFN2_140/crest_conformer_140.xyz
Saved conformer 141 to GFN2_141/crest_conformer_141.xyz
Saved conformer 142 to GFN2_142/crest_conformer_142.xyz
Saved conformer 143 to GFN2_143/crest_conformer_143.xyz
Saved conformer 144 to GFN2_144/crest_conformer_144.xyz
Saved conformer 145 to GFN2_145/crest_conformer_145.xyz
Saved conformer 146 to GFN2_146/crest_conformer_146.xyz
Saved conformer 147 to GFN2_147/crest_conformer_147.xyz
Saved conformer 148 to GFN2_148/crest_conformer_148.xyz
Saved conformer 149 to GFN2_149/crest_conformer_149.xyz
Saved conformer 150 to GFN2_150/crest_conformer_150.xyz
Saved conformer 151 to GFN2_151/crest_conformer_151.xyz
Saved conformer 152 to GFN2_152/crest_conformer_152.xyz
Saved conformer 153 to GFN2_153/crest_conformer_153.xyz
Saved conformer 154 to GFN2_154/crest_conformer_154.xyz
Saved conformer 155 to GFN2_155/crest_conformer_155.xyz
Saved conformer 156 to GFN2_156/crest_conformer_156.xyz
Saved conformer 157 to GFN2_157/crest_conformer_157.xyz
Saved conformer 158 to GFN2_158/crest_conformer_158.xyz
Saved conformer 159 to GFN2_159/crest_conformer_159.xyz
Saved conformer 160 to GFN2_160/crest_conformer_160.xyz
Saved conformer 161 to GFN2_161/crest_conformer_161.xyz
Saved conformer 162 to GFN2_162/crest_conformer_162.xyz
Saved conformer 163 to GFN2_163/crest_conformer_163.xyz
Saved conformer 164 to GFN2_164/crest_conformer_164.xyz
Saved conformer 165 to GFN2_165/crest_conformer_165.xyz
Saved conformer 166 to GFN2_166/crest_conformer_166.xyz
Saved conformer 167 to GFN2_167/crest_conformer_167.xyz
Saved conformer 168 to GFN2_168/crest_conformer_168.xyz
Saved conformer 169 to GFN2_169/crest_conformer_169.xyz
Saved conformer 170 to GFN2_170/crest_conformer_170.xyz
Saved conformer 171 to GFN2_171/crest_conformer_171.xyz
Saved conformer 172 to GFN2_172/crest_conformer_172.xyz
Saved conformer 173 to GFN2_173/crest_conformer_173.xyz
Saved conformer 174 to GFN2_174/crest_conformer_174.xyz
Saved conformer 175 to GFN2_175/crest_conformer_175.xyz
Saved conformer 176 to GFN2_176/crest_conformer_176.xyz
Saved conformer 177 to GFN2_177/crest_conformer_177.xyz
Saved conformer 178 to GFN2_178/crest_conformer_178.xyz
Saved conformer 179 to GFN2_179/crest_conformer_179.xyz
Saved conformer 180 to GFN2_180/crest_conformer_180.xyz
Saved conformer 181 to GFN2_181/crest_conformer_181.xyz
Saved conformer 182 to GFN2_182/crest_conformer_182.xyz
Saved conformer 183 to GFN2_183/crest_conformer_183.xyz
Saved conformer 184 to GFN2_184/crest_conformer_184.xyz
Saved conformer 185 to GFN2_185/crest_conformer_185.xyz
Saved conformer 186 to GFN2_186/crest_conformer_186.xyz
Saved conformer 187 to GFN2_187/crest_conformer_187.xyz
Saved conformer 188 to GFN2_188/crest_conformer_188.xyz
Saved conformer 189 to GFN2_189/crest_conformer_189.xyz
Saved conformer 190 to GFN2_190/crest_conformer_190.xyz
Saved conformer 191 to GFN2_191/crest_conformer_191.xyz
Saved conformer 192 to GFN2_192/crest_conformer_192.xyz
Saved conformer 193 to GFN2_193/crest_conformer_193.xyz
Saved conformer 194 to GFN2_194/crest_conformer_194.xyz
Saved conformer 195 to GFN2_195/crest_conformer_195.xyz
Saved conformer 196 to GFN2_196/crest_conformer_196.xyz
Saved conformer 197 to GFN2_197/crest_conformer_197.xyz
Saved conformer 198 to GFN2_198/crest_conformer_198.xyz
Saved conformer 199 to GFN2_199/crest_conformer_199.xyz
Saved conformer 200 to GFN2_200/crest_conformer_200.xyz
Saved conformer 201 to GFN2_201/crest_conformer_201.xyz
Saved conformer 202 to GFN2_202/crest_conformer_202.xyz
Saved conformer 203 to GFN2_203/crest_conformer_203.xyz
Saved conformer 204 to GFN2_204/crest_conformer_204.xyz
Saved conformer 205 to GFN2_205/crest_conformer_205.xyz
Saved conformer 206 to GFN2_206/crest_conformer_206.xyz
Saved conformer 207 to GFN2_207/crest_conformer_207.xyz
Saved conformer 208 to GFN2_208/crest_conformer_208.xyz
Saved conformer 209 to GFN2_209/crest_conformer_209.xyz
Saved conformer 210 to GFN2_210/crest_conformer_210.xyz
Saved conformer 211 to GFN2_211/crest_conformer_211.xyz
Saved conformer 212 to GFN2_212/crest_conformer_212.xyz
Saved conformer 213 to GFN2_213/crest_conformer_213.xyz
Saved conformer 214 to GFN2_214/crest_conformer_214.xyz
Saved conformer 215 to GFN2_215/crest_conformer_215.xyz
Saved conformer 216 to GFN2_216/crest_conformer_216.xyz
Saved conformer 217 to GFN2_217/crest_conformer_217.xyz
Saved conformer 218 to GFN2_218/crest_conformer_218.xyz
Saved conformer 219 to GFN2_219/crest_conformer_219.xyz
Saved conformer 220 to GFN2_220/crest_conformer_220.xyz
Saved conformer 221 to GFN2_221/crest_conformer_221.xyz
Saved conformer 222 to GFN2_222/crest_conformer_222.xyz
Saved conformer 223 to GFN2_223/crest_conformer_223.xyz
Saved conformer 224 to GFN2_224/crest_conformer_224.xyz
Saved conformer 225 to GFN2_225/crest_conformer_225.xyz
Saved conformer 226 to GFN2_226/crest_conformer_226.xyz
Saved conformer 227 to GFN2_227/crest_conformer_227.xyz
Saved conformer 228 to GFN2_228/crest_conformer_228.xyz
Saved conformer 229 to GFN2_229/crest_conformer_229.xyz
Saved conformer 230 to GFN2_230/crest_conformer_230.xyz
Saved conformer 231 to GFN2_231/crest_conformer_231.xyz
Saved conformer 232 to GFN2_232/crest_conformer_232.xyz
Saved conformer 233 to GFN2_233/crest_conformer_233.xyz
Saved conformer 234 to GFN2_234/crest_conformer_234.xyz
Saved conformer 235 to GFN2_235/crest_conformer_235.xyz
Saved conformer 236 to GFN2_236/crest_conformer_236.xyz
Saved conformer 237 to GFN2_237/crest_conformer_237.xyz
Saved conformer 238 to GFN2_238/crest_conformer_238.xyz
Saved conformer 239 to GFN2_239/crest_conformer_239.xyz
Saved conformer 240 to GFN2_240/crest_conformer_240.xyz
Saved conformer 241 to GFN2_241/crest_conformer_241.xyz
Saved conformer 242 to GFN2_242/crest_conformer_242.xyz
Saved conformer 243 to GFN2_243/crest_conformer_243.xyz
Saved conformer 244 to GFN2_244/crest_conformer_244.xyz
Saved conformer 245 to GFN2_245/crest_conformer_245.xyz
Saved conformer 246 to GFN2_246/crest_conformer_246.xyz
Saved conformer 247 to GFN2_247/crest_conformer_247.xyz
Saved conformer 248 to GFN2_248/crest_conformer_248.xyz
Saved conformer 249 to GFN2_249/crest_conformer_249.xyz
Saved conformer 250 to GFN2_250/crest_conformer_250.xyz
Saved conformer 251 to GFN2_251/crest_conformer_251.xyz
Saved conformer 252 to GFN2_252/crest_conformer_252.xyz
Saved conformer 253 to GFN2_253/crest_conformer_253.xyz
Saved conformer 254 to GFN2_254/crest_conformer_254.xyz
Saved conformer 255 to GFN2_255/crest_conformer_255.xyz
Saved conformer 256 to GFN2_256/crest_conformer_256.xyz
Saved conformer 257 to GFN2_257/crest_conformer_257.xyz
Saved conformer 258 to GFN2_258/crest_conformer_258.xyz
Saved conformer 259 to GFN2_259/crest_conformer_259.xyz
Saved conformer 260 to GFN2_260/crest_conformer_260.xyz
Saved conformer 261 to GFN2_261/crest_conformer_261.xyz
Saved conformer 262 to GFN2_262/crest_conformer_262.xyz
Saved conformer 263 to GFN2_263/crest_conformer_263.xyz
Saved conformer 264 to GFN2_264/crest_conformer_264.xyz
Saved conformer 265 to GFN2_265/crest_conformer_265.xyz
The number of conformers in crest_conformers is 266
Submitting SLURM job array for Li
Submitted SLURM job array with ID: 379347
Submitting job to extract energies with job dependency
Job submission completed for Li
